<?xml version="1.0" encoding="UTF-8" ?>
<testsuite failures="0" time="0.362" errors="0" skipped="0" tests="3" name="org.sonatype.plexus.template.DefaultTemplaterTest">
  <properties>
[...]
</properties>
  <testcase time="0.314" classname="org.sonatype.plexus.template.DefaultTemplaterTest" name="testTemplaterWithMemoryTemplateLoader"/>
  <testcase time="0.013" classname="org.sonatype.plexus.template.DefaultTemplaterTest" name="testTemplaterWithClassLoaderTemplateLoader"/>
  <testcase time="0.013" classname="org.sonatype.plexus.template.DefaultTemplaterTest" name="testTemplaterWithFileTemplateLoader"/>
</testsuite>